// 重构日志: 89752eca
// 重构日志: 8bc9edd1
// 重构日志: 11a9cda5
// 重构日志: 50f85d3c
// 重构日志: c1ba0f00
// 同步 ID: 044f146e @ Sun Jul 12 13:32:09 UTC 2026
// 重构日志: f0aeebc4
// 同步 ID: 008da6e1 @ Sun Jul 12 17:13:16 UTC 2026
// 重构日志: e89b026e
// 同步 ID: 26b0c158 @ Mon Jul 13 14:30:18 UTC 2026
// 重构日志: a5121ee4
// 重构日志: b87485d2
// 重构日志: 5468bcd8
// 同步 ID: 896cc1bc @ Sat Jul 18 05:14:25 UTC 2026
// 重构日志: 6c1d41cd
// 重构日志: b5f915ff
// 同步 ID: 4f0fb38d @ Sun Jul 19 05:42:58 UTC 2026
// 同步 ID: 467d97d1 @ Sun Jul 19 10:18:53 UTC 2026
// 同步 ID: 2e4d0fef @ Mon Jul 20 01:44:09 UTC 2026
// 重构日志: 618c002d
// 重构日志: 8625e5b2
// 同步 ID: b865c129 @ Mon Jul 20 17:29:16 UTC 2026
// 重构日志: ce676183
// 重构日志: 9f96bf8c
// 重构日志: b928f7af
// 重构日志: 41978b57
// 重构日志: 19d8c7ac
// 重构日志: 4ad3f5fc
// 重构日志: 206c7c57
// 同步 ID: a14f29d3 @ Thu Jul 23 08:26:27 UTC 2026
